#
# There is insufficient memory for the Java Runtime Environment to continue.
# Native memory allocation (malloc) failed to allocate 524304 bytes for Chunk::new
# Possible reasons:
#   The system is out of physical RAM or swap space
#   In 32 bit mode, the process size limit was hit
# Possible solutions:
#   Reduce memory load on the system
#   Increase physical memory or swap space
#   Check if swap backing store is full
#   Use 64 bit Java on a 64 bit OS
#   Decrease Java heap size (-Xmx/-Xms)
#   Decrease number of Java threads
#   Decrease Java thread stack sizes (-Xss)
#   Set larger code cache with -XX:ReservedCodeCacheSize=
# This output file may be truncated or incomplete.
#
#  Out of Memory Error (allocation.cpp:390), pid=12360, tid=0x0000000000003b24
#
# JRE version: Java(TM) SE Runtime Environment (8.0_161-b12) (build 1.8.0_161-b12)
# Java VM: Java HotSpot(TM) 64-Bit Server VM (25.161-b12 mixed mode windows-amd64 compressed oops)
# Failed to write core dump. Minidumps are not enabled by default on client versions of Windows
#

---------------  T H R E A D  ---------------

Current thread (0x0000000019abc800):  JavaThread "C2 CompilerThread0" daemon [_thread_in_native, id=15140, stack(0x0000000019f70000,0x000000001a070000)]

Stack: [0x0000000019f70000,0x000000001a070000]
[error occurred during error reporting (printing stack bounds), id 0xc0000005]

Native frames: (J=compiled Java code, j=interpreted, Vv=VM code, C=native code)


Current CompileTask:
C2:   8854 1517   !   4       java.net.URLClassLoader$1::run (63 bytes)


---------------  P R O C E S S  ---------------

Java Threads: ( => current thread )
  0x0000000019af6800 JavaThread "SparkListenerBus" daemon [_thread_blocked, id=11340, stack(0x0000000020400000,0x0000000020500000)]
  0x0000000019afa000 JavaThread "context-cleaner-periodic-gc" daemon [_thread_blocked, id=8392, stack(0x0000000020300000,0x0000000020400000)]
  0x0000000019afb000 JavaThread "Spark Context Cleaner" daemon [_thread_blocked, id=11420, stack(0x000000001f010000,0x000000001f110000)]
  0x0000000019aef000 JavaThread "shuffle-server-5-1" daemon [_thread_in_native, id=3140, stack(0x000000001ef10000,0x000000001f010000)]
  0x0000000019af5800 JavaThread "driver-heartbeater" daemon [_thread_blocked, id=5460, stack(0x000000001ee10000,0x000000001ef10000)]
  0x0000000019af0800 JavaThread "dag-scheduler-event-loop" daemon [_thread_blocked, id=224, stack(0x000000001ed10000,0x000000001ee10000)]
  0x0000000019af5000 JavaThread "netty-rpc-env-timeout" daemon [_thread_blocked, id=7068, stack(0x000000001ec10000,0x000000001ed10000)]
  0x0000000019af4000 JavaThread "Timer-0" daemon [_thread_blocked, id=5128, stack(0x000000001eb10000,0x000000001ec10000)]
  0x0000000019aef800 JavaThread "heartbeat-receiver-event-loop-thread" daemon [_thread_blocked, id=9768, stack(0x000000001ea10000,0x000000001eb10000)]
  0x0000000019af3800 JavaThread "SparkUI-42" daemon [_thread_blocked, id=7588, stack(0x000000001e710000,0x000000001e810000)]
  0x0000000019af2800 JavaThread "SparkUI-41" daemon [_thread_blocked, id=6224, stack(0x000000001e610000,0x000000001e710000)]
  0x0000000019af1000 JavaThread "SparkUI-40" daemon [_thread_blocked, id=3332, stack(0x000000001e510000,0x000000001e610000)]
  0x0000000019af2000 JavaThread "SparkUI-39" daemon [_thread_blocked, id=2116, stack(0x000000001e410000,0x000000001e510000)]
  0x000000001b158000 JavaThread "SparkUI-38" daemon [_thread_blocked, id=9820, stack(0x000000001e310000,0x000000001e410000)]
  0x000000001b156000 JavaThread "SparkUI-37-acceptor-0@48e5068-ServerConnector@a49ae89{HTTP/1.1,[http/1.1]}{0.0.0.0:4040}" daemon [_thread_in_native, id=12664, stack(0x000000001e210000,0x000000001e310000)]
  0x000000001b151800 JavaThread "SparkUI-36" daemon [_thread_in_native, id=7792, stack(0x000000001e110000,0x000000001e210000)]
  0x000000001b157800 JavaThread "SparkUI-35" daemon [_thread_in_native, id=11328, stack(0x000000001e010000,0x000000001e110000)]
  0x000000001b153800 JavaThread "refresh progress" daemon [_thread_blocked, id=9592, stack(0x000000001df10000,0x000000001e010000)]
  0x000000001b155000 JavaThread "map-output-dispatcher-7" daemon [_thread_blocked, id=9296, stack(0x000000001dc10000,0x000000001dd10000)]
  0x000000001b153000 JavaThread "map-output-dispatcher-6" daemon [_thread_blocked, id=12752, stack(0x000000001db10000,0x000000001dc10000)]
  0x000000001b154800 JavaThread "map-output-dispatcher-5" daemon [_thread_blocked, id=13020, stack(0x000000001d910000,0x000000001da10000)]
  0x000000001b156800 JavaThread "map-output-dispatcher-4" daemon [_thread_blocked, id=7172, stack(0x000000001d810000,0x000000001d910000)]
  0x000000001b152000 JavaThread "map-output-dispatcher-3" daemon [_thread_blocked, id=8668, stack(0x000000001d710000,0x000000001d810000)]
  0x000000001aec1000 JavaThread "map-output-dispatcher-2" daemon [_thread_blocked, id=2016, stack(0x000000001d610000,0x000000001d710000)]
  0x000000001aec0000 JavaThread "map-output-dispatcher-1" daemon [_thread_blocked, id=5744, stack(0x000000001d510000,0x000000001d610000)]
  0x0000000019b0e800 JavaThread "map-output-dispatcher-0" daemon [_thread_blocked, id=5316, stack(0x000000001d410000,0x000000001d510000)]
  0x0000000019b09000 JavaThread "rpc-server-3-1" daemon [_thread_in_native, id=2616, stack(0x000000001d0c0000,0x000000001d1c0000)]
  0x000000001aa8d800 JavaThread "dispatcher-event-loop-3" daemon [_thread_blocked, id=9660, stack(0x000000001cdc0000,0x000000001cec0000)]
  0x000000001abc0800 JavaThread "dispatcher-event-loop-2" daemon [_thread_blocked, id=14064, stack(0x000000001ccc0000,0x000000001cdc0000)]
  0x000000001abbe000 JavaThread "dispatcher-event-loop-1" daemon [_thread_blocked, id=9668, stack(0x000000001cbc0000,0x000000001ccc0000)]
  0x000000001aa9a800 JavaThread "dispatcher-event-loop-0" daemon [_thread_blocked, id=9676, stack(0x000000001cac0000,0x000000001cbc0000)]
  0x0000000019b68800 JavaThread "Service Thread" daemon [_thread_blocked, id=15336, stack(0x000000001a270000,0x000000001a370000)]
  0x0000000019b29000 JavaThread "C1 CompilerThread2" daemon [_thread_blocked, id=13592, stack(0x000000001a170000,0x000000001a270000)]
  0x0000000019abf800 JavaThread "C2 CompilerThread1" daemon [_thread_in_native, id=15332, stack(0x000000001a070000,0x000000001a170000)]
=>0x0000000019abc800 JavaThread "C2 CompilerThread0" daemon [_thread_in_native, id=15140, stack(0x0000000019f70000,0x000000001a070000)]
  0x0000000019ab3000 JavaThread "Monitor Ctrl-Break" daemon [_thread_in_native, id=15328, stack(0x0000000019e70000,0x0000000019f70000)]
  0x00000000190b2800 JavaThread "Attach Listener" daemon [_thread_blocked, id=2740, stack(0x0000000019570000,0x0000000019670000)]
  0x0000000017d26800 JavaThread "Signal Dispatcher" daemon [_thread_blocked, id=3976, stack(0x0000000019470000,0x0000000019570000)]
  0x000000000309e000 JavaThread "Finalizer" daemon [_thread_blocked, id=15340, stack(0x0000000018f70000,0x0000000019070000)]
  0x0000000003098000 JavaThread "Reference Handler" daemon [_thread_blocked, id=13024, stack(0x0000000018e70000,0x0000000018f70000)]
  0x0000000002fa9000 JavaThread "main" [_thread_in_native, id=1756, stack(0x0000000002e20000,0x0000000002f20000)]

Other Threads:
  0x0000000017cd8000 VMThread [stack: 0x0000000018d70000,0x0000000018e70000] [id=6428]
  0x0000000019c1f000 WatcherThread [stack: 0x000000001a370000,0x000000001a470000] [id=9456]

VM state:not at safepoint (normal execution)

VM Mutex/Monitor currently owned by a thread: None

Heap:
 PSYoungGen      total 71680K, used 33036K [0x00000000d5c00000, 0x00000000de380000, 0x0000000100000000)
  eden space 66560K, 41% used [0x00000000d5c00000,0x00000000d774ad08,0x00000000d9d00000)
  from space 5120K, 99% used [0x00000000d9d00000,0x00000000da1f8630,0x00000000da200000)
  to   space 8192K, 0% used [0x00000000ddb80000,0x00000000ddb80000,0x00000000de380000)
 ParOldGen       total 50176K, used 9012K [0x0000000081400000, 0x0000000084500000, 0x00000000d5c00000)
  object space 50176K, 17% used [0x0000000081400000,0x0000000081ccd1a8,0x0000000084500000)
 Metaspace       used 29840K, capacity 30056K, committed 30464K, reserved 1075200K
  class space    used 4182K, capacity 4233K, committed 4352K, reserved 1048576K

Card table byte_map: [0x0000000012560000,0x0000000012960000] byte_map_base: 0x0000000012156000

Marking Bits: (ParMarkBitMap*) 0x0000000055a6f860
 Begin Bits: [0x0000000013010000, 0x0000000014fc0000)
 End Bits:   [0x0000000014fc0000, 0x0000000016f70000)

Polling page: 0x0000000000ba0000

CodeCache: size=245760Kb used=5385Kb max_used=5385Kb free=240374Kb
 bounds [0x00000000031a0000, 0x00000000036f0000, 0x00000000121a0000]
 total_blobs=2021 nmethods=1566 adapters=367
 compilation: enabled

Compilation events (10 events):
Event: 8.827 Thread 0x0000000019b29000 1570       3       java.lang.StringBuilder::append (8 bytes)
Event: 8.827 Thread 0x0000000019b29000 nmethod 1570 0x00000000036e32d0 code [0x00000000036e3440, 0x00000000036e35c8]
Event: 8.828 Thread 0x0000000019b29000 1571       3       scala.Predef$::augmentString (2 bytes)
Event: 8.829 Thread 0x0000000019b29000 nmethod 1571 0x00000000036e3650 code [0x00000000036e37a0, 0x00000000036e38f0]
Event: 8.829 Thread 0x0000000019b29000 1572       3       scala.collection.immutable.StringOps::<init> (50 bytes)
Event: 8.829 Thread 0x0000000019b29000 nmethod 1572 0x00000000036e3990 code [0x00000000036e3b40, 0x00000000036e4090]
Event: 8.834 Thread 0x0000000019b29000 1573       1       scala.StringContext::parts (5 bytes)
Event: 8.834 Thread 0x0000000019b29000 nmethod 1573 0x00000000036e4310 code [0x00000000036e4460, 0x00000000036e4570]
Event: 8.834 Thread 0x0000000019b29000 1574       3       scala.collection.IndexedSeqLike$Elements::next (55 bytes)
Event: 8.835 Thread 0x0000000019b29000 nmethod 1574 0x00000000036e45d0 code [0x00000000036e4760, 0x00000000036e4c18]

GC Heap History (10 events):
Event: 4.427 GC heap before
{Heap before GC invocations=2 (full 0):
 PSYoungGen      total 38400K, used 38377K [0x00000000d5c00000, 0x00000000d8680000, 0x0000000100000000)
  eden space 33280K, 100% used [0x00000000d5c00000,0x00000000d7c80000,0x00000000d7c80000)
  from space 5120K, 99% used [0x00000000d7c80000,0x00000000d817a518,0x00000000d8180000)
  to   space 5120K, 0% used [0x00000000d8180000,0x00000000d8180000,0x00000000d8680000)
 ParOldGen       total 87552K, used 848K [0x0000000081400000, 0x0000000086980000, 0x00000000d5c00000)
  object space 87552K, 0% used [0x0000000081400000,0x00000000814d41d0,0x0000000086980000)
 Metaspace       used 13416K, capacity 13562K, committed 13824K, reserved 1060864K
  class space    used 1906K, capacity 1938K, committed 2048K, reserved 1048576K
Event: 4.465 GC heap after
Heap after GC invocations=2 (full 0):
 PSYoungGen      total 38400K, used 5101K [0x00000000d5c00000, 0x00000000da700000, 0x0000000100000000)
  eden space 33280K, 0% used [0x00000000d5c00000,0x00000000d5c00000,0x00000000d7c80000)
  from space 5120K, 99% used [0x00000000d8180000,0x00000000d867b510,0x00000000d8680000)
  to   space 5120K, 0% used [0x00000000d7c80000,0x00000000d7c80000,0x00000000d8180000)
 ParOldGen       total 87552K, used 1516K [0x0000000081400000, 0x0000000086980000, 0x00000000d5c00000)
  object space 87552K, 1% used [0x0000000081400000,0x000000008157b388,0x0000000086980000)
 Metaspace       used 13416K, capacity 13562K, committed 13824K, reserved 1060864K
  class space    used 1906K, capacity 1938K, committed 2048K, reserved 1048576K
}
Event: 5.604 GC heap before
{Heap before GC invocations=3 (full 0):
 PSYoungGen      total 38400K, used 38381K [0x00000000d5c00000, 0x00000000da700000, 0x0000000100000000)
  eden space 33280K, 100% used [0x00000000d5c00000,0x00000000d7c80000,0x00000000d7c80000)
  from space 5120K, 99% used [0x00000000d8180000,0x00000000d867b510,0x00000000d8680000)
  to   space 5120K, 0% used [0x00000000d7c80000,0x00000000d7c80000,0x00000000d8180000)
 ParOldGen       total 87552K, used 1516K [0x0000000081400000, 0x0000000086980000, 0x00000000d5c00000)
  object space 87552K, 1% used [0x0000000081400000,0x000000008157b388,0x0000000086980000)
 Metaspace       used 17646K, capacity 17816K, committed 17920K, reserved 1064960K
  class space    used 2496K, capacity 2545K, committed 2560K, reserved 1048576K
Event: 5.624 GC heap after
Heap after GC invocations=3 (full 0):
 PSYoungGen      total 38400K, used 5091K [0x00000000d5c00000, 0x00000000da700000, 0x0000000100000000)
  eden space 33280K, 0% used [0x00000000d5c00000,0x00000000d5c00000,0x00000000d7c80000)
  from space 5120K, 99% used [0x00000000d7c80000,0x00000000d8178c48,0x00000000d8180000)
  to   space 5120K, 0% used [0x00000000da200000,0x00000000da200000,0x00000000da700000)
 ParOldGen       total 87552K, used 2680K [0x0000000081400000, 0x0000000086980000, 0x00000000d5c00000)
  object space 87552K, 3% used [0x0000000081400000,0x000000008169e108,0x0000000086980000)
 Metaspace       used 17646K, capacity 17816K, committed 17920K, reserved 1064960K
  class space    used 2496K, capacity 2545K, committed 2560K, reserved 1048576K
}
Event: 6.803 GC heap before
{Heap before GC invocations=4 (full 0):
 PSYoungGen      total 38400K, used 28227K [0x00000000d5c00000, 0x00000000da700000, 0x0000000100000000)
  eden space 33280K, 69% used [0x00000000d5c00000,0x00000000d7298130,0x00000000d7c80000)
  from space 5120K, 99% used [0x00000000d7c80000,0x00000000d8178c48,0x00000000d8180000)
  to   space 5120K, 0% used [0x00000000da200000,0x00000000da200000,0x00000000da700000)
 ParOldGen       total 87552K, used 2680K [0x0000000081400000, 0x0000000086980000, 0x00000000d5c00000)
  object space 87552K, 3% used [0x0000000081400000,0x000000008169e108,0x0000000086980000)
 Metaspace       used 20888K, capacity 21100K, committed 21248K, reserved 1067008K
  class space    used 2923K, capacity 3003K, committed 3072K, reserved 1048576K
Event: 6.810 GC heap after
Heap after GC invocations=4 (full 0):
 PSYoungGen      total 71680K, used 5111K [0x00000000d5c00000, 0x00000000da700000, 0x0000000100000000)
  eden space 66560K, 0% used [0x00000000d5c00000,0x00000000d5c00000,0x00000000d9d00000)
  from space 5120K, 99% used [0x00000000da200000,0x00000000da6fde08,0x00000000da700000)
  to   space 5120K, 0% used [0x00000000d9d00000,0x00000000d9d00000,0x00000000da200000)
 ParOldGen       total 87552K, used 3361K [0x0000000081400000, 0x0000000086980000, 0x00000000d5c00000)
  object space 87552K, 3% used [0x0000000081400000,0x00000000817486f0,0x0000000086980000)
 Metaspace       used 20888K, capacity 21100K, committed 21248K, reserved 1067008K
  class space    used 2923K, capacity 3003K, committed 3072K, reserved 1048576K
}
Event: 6.810 GC heap before
{Heap before GC invocations=5 (full 1):
 PSYoungGen      total 71680K, used 5111K [0x00000000d5c00000, 0x00000000da700000, 0x0000000100000000)
  eden space 66560K, 0% used [0x00000000d5c00000,0x00000000d5c00000,0x00000000d9d00000)
  from space 5120K, 99% used [0x00000000da200000,0x00000000da6fde08,0x00000000da700000)
  to   space 5120K, 0% used [0x00000000d9d00000,0x00000000d9d00000,0x00000000da200000)
 ParOldGen       total 87552K, used 3361K [0x0000000081400000, 0x0000000086980000, 0x00000000d5c00000)
  object space 87552K, 3% used [0x0000000081400000,0x00000000817486f0,0x0000000086980000)
 Metaspace       used 20888K, capacity 21100K, committed 21248K, reserved 1067008K
  class space    used 2923K, capacity 3003K, committed 3072K, reserved 1048576K
Event: 6.842 GC heap after
Heap after GC invocations=5 (full 1):
 PSYoungGen      total 71680K, used 0K [0x00000000d5c00000, 0x00000000da700000, 0x0000000100000000)
  eden space 66560K, 0% used [0x00000000d5c00000,0x00000000d5c00000,0x00000000d9d00000)
  from space 5120K, 0% used [0x00000000da200000,0x00000000da200000,0x00000000da700000)
  to   space 5120K, 0% used [0x00000000d9d00000,0x00000000d9d00000,0x00000000da200000)
 ParOldGen       total 50176K, used 5727K [0x0000000081400000, 0x0000000084500000, 0x00000000d5c00000)
  object space 50176K, 11% used [0x0000000081400000,0x0000000081997c68,0x0000000084500000)
 Metaspace       used 20888K, capacity 21100K, committed 21248K, reserved 1067008K
  class space    used 2923K, capacity 3003K, committed 3072K, reserved 1048576K
}
Event: 8.078 GC heap before
{Heap before GC invocations=6 (full 1):
 PSYoungGen      total 71680K, used 66560K [0x00000000d5c00000, 0x00000000da700000, 0x0000000100000000)
  eden space 66560K, 100% used [0x00000000d5c00000,0x00000000d9d00000,0x00000000d9d00000)
  from space 5120K, 0% used [0x00000000da200000,0x00000000da200000,0x00000000da700000)
  to   space 5120K, 0% used [0x00000000d9d00000,0x00000000d9d00000,0x00000000da200000)
 ParOldGen       total 50176K, used 5727K [0x0000000081400000, 0x0000000084500000, 0x00000000d5c00000)
  object space 50176K, 11% used [0x0000000081400000,0x0000000081997c68,0x0000000084500000)
 Metaspace       used 27788K, capacity 27976K, committed 28288K, reserved 1073152K
  class space    used 3873K, capacity 3945K, committed 3968K, reserved 1048576K
Event: 8.155 GC heap after
Heap after GC invocations=6 (full 1):
 PSYoungGen      total 71680K, used 5089K [0x00000000d5c00000, 0x00000000de380000, 0x0000000100000000)
  eden space 66560K, 0% used [0x00000000d5c00000,0x00000000d5c00000,0x00000000d9d00000)
  from space 5120K, 99% used [0x00000000d9d00000,0x00000000da1f8630,0x00000000da200000)
  to   space 8192K, 0% used [0x00000000ddb80000,0x00000000ddb80000,0x00000000de380000)
 ParOldGen       total 50176K, used 9012K [0x0000000081400000, 0x0000000084500000, 0x00000000d5c00000)
  object space 50176K, 17% used [0x0000000081400000,0x0000000081ccd1a8,0x0000000084500000)
 Metaspace       used 27788K, capacity 27976K, committed 28288K, reserved 1073152K
  class space    used 3873K, capacity 3945K, committed 3968K, reserved 1048576K
}

Deoptimization events (10 events):
Event: 4.314 Thread 0x0000000002fa9000 Uncommon trap: reason=unstable_if action=reinterpret pc=0x000000000349b678 method=org.apache.xerces.impl.XMLEntityScanner.scanContent(Lorg/apache/xerces/xni/XMLString;)I @ 461
Event: 6.695 Thread 0x0000000002fa9000 Uncommon trap: reason=unstable_if action=reinterpret pc=0x00000000035a49f4 method=java.io.WinNTFileSystem.isLetter(C)Z @ 3
Event: 6.717 Thread 0x0000000002fa9000 Uncommon trap: reason=unstable_if action=reinterpret pc=0x0000000003539198 method=java.util.concurrent.ConcurrentHashMap.putVal(Ljava/lang/Object;Ljava/lang/Object;Z)Ljava/lang/Object; @ 206
Event: 7.500 Thread 0x0000000002fa9000 Uncommon trap: reason=unstable_if action=reinterpret pc=0x0000000003542390 method=sun.net.www.protocol.jar.Handler.parseURL(Ljava/net/URL;Ljava/lang/String;II)V @ 94
Event: 8.632 Thread 0x0000000002fa9000 Uncommon trap: reason=bimorphic action=maybe_recompile pc=0x000000000350d130 method=java.util.HashMap.putVal(ILjava/lang/Object;Ljava/lang/Object;ZZ)Ljava/lang/Object; @ 203
Event: 8.632 Thread 0x0000000002fa9000 Uncommon trap: reason=bimorphic action=maybe_recompile pc=0x000000000350d130 method=java.util.HashMap.putVal(ILjava/lang/Object;Ljava/lang/Object;ZZ)Ljava/lang/Object; @ 203
Event: 8.632 Thread 0x0000000002fa9000 Uncommon trap: reason=bimorphic action=maybe_recompile pc=0x000000000350d130 method=java.util.HashMap.putVal(ILjava/lang/Object;Ljava/lang/Object;ZZ)Ljava/lang/Object; @ 203
Event: 8.632 Thread 0x0000000002fa9000 Uncommon trap: reason=bimorphic action=maybe_recompile pc=0x000000000350d130 method=java.util.HashMap.putVal(ILjava/lang/Object;Ljava/lang/Object;ZZ)Ljava/lang/Object; @ 203
Event: 8.721 Thread 0x0000000002fa9000 Uncommon trap: reason=unstable_if action=reinterpret pc=0x000000000340fe08 method=java.lang.AbstractStringBuilder.append(Ljava/lang/String;)Ljava/lang/AbstractStringBuilder; @ 1
Event: 8.721 Thread 0x0000000002fa9000 Uncommon trap: reason=unstable_if action=reinterpret pc=0x000000000337e580 method=java.lang.AbstractStringBuilder.append(Ljava/lang/String;)Ljava/lang/AbstractStringBuilder; @ 1

Classes redefined (0 events):
No events

Internal exceptions (10 events):
Event: 3.754 Thread 0x0000000002fa9000 Exception <a 'java/lang/reflect/InvocationTargetException'> (0x00000000d7679598) thrown at [C:\re\workspace\8-2-build-windows-amd64-cygwin\jdk8u161\10277\hotspot\src\share\vm\runtime\reflection.cpp, line 1092]
Event: 5.319 Thread 0x0000000002fa9000 Exception <a 'java/lang/ArrayIndexOutOfBoundsException'> (0x00000000d6d7dbc8) thrown at [C:\re\workspace\8-2-build-windows-amd64-cygwin\jdk8u161\10277\hotspot\src\share\vm\runtime\sharedRuntime.cpp, line 605]
Event: 5.319 Thread 0x0000000002fa9000 Exception <a 'java/lang/ArrayIndexOutOfBoundsException'> (0x00000000d6d7ee28) thrown at [C:\re\workspace\8-2-build-windows-amd64-cygwin\jdk8u161\10277\hotspot\src\share\vm\runtime\sharedRuntime.cpp, line 605]
Event: 5.370 Thread 0x0000000002fa9000 Exception <a 'java/lang/ClassCastException': sun.misc.Cleaner cannot be cast to java.lang.Runnable> (0x00000000d70f3c60) thrown at [C:\re\workspace\8-2-build-windows-amd64-cygwin\jdk8u161\10277\hotspot\src\share\vm\interpreter\interpreterRuntime.cpp, line
Event: 5.452 Thread 0x0000000002fa9000 Exception <a 'java/lang/NoSuchFieldError': method resolution failed> (0x00000000d74a0c40) thrown at [C:\re\workspace\8-2-build-windows-amd64-cygwin\jdk8u161\10277\hotspot\src\share\vm\prims\methodHandles.cpp, line 1167]
Event: 5.456 Thread 0x0000000002fa9000 Exception <a 'java/lang/NoSuchFieldError': method resolution failed> (0x00000000d74aeba0) thrown at [C:\re\workspace\8-2-build-windows-amd64-cygwin\jdk8u161\10277\hotspot\src\share\vm\prims\methodHandles.cpp, line 1167]
Event: 5.597 Thread 0x0000000002fa9000 Exception <a 'java/lang/ArrayIndexOutOfBoundsException'> (0x00000000d7c05d30) thrown at [C:\re\workspace\8-2-build-windows-amd64-cygwin\jdk8u161\10277\hotspot\src\share\vm\runtime\sharedRuntime.cpp, line 605]
Event: 5.597 Thread 0x0000000002fa9000 Exception <a 'java/lang/ArrayIndexOutOfBoundsException'> (0x00000000d7c06b60) thrown at [C:\re\workspace\8-2-build-windows-amd64-cygwin\jdk8u161\10277\hotspot\src\share\vm\runtime\sharedRuntime.cpp, line 605]
Event: 8.721 Thread 0x0000000002fa9000 Implicit null exception at 0x000000000340fa56 to 0x000000000340fdf1
Event: 8.721 Thread 0x0000000002fa9000 Implicit null exception at 0x000000000337e1d6 to 0x000000000337e569

Events (10 events):
Event: 8.846 loading class com/fasterxml/jackson/module/scala/deser/OptionDeserializerModule
Event: 8.846 loading class com/fasterxml/jackson/module/scala/deser/OptionDeserializerModule done
Event: 8.848 loading class com/fasterxml/jackson/module/scala/SeqModule
Event: 8.848 loading class com/fasterxml/jackson/module/scala/SeqModule done
Event: 8.848 loading class com/fasterxml/jackson/module/scala/ser/IterableSerializerModule
Event: 8.848 loading class com/fasterxml/jackson/module/scala/ser/IterableSerializerModule done
Event: 8.849 loading class com/fasterxml/jackson/module/scala/modifiers/IterableTypeModifierModule
Event: 8.849 loading class com/fasterxml/jackson/module/scala/modifiers/IterableTypeModifierModule done
Event: 8.849 loading class com/fasterxml/jackson/module/scala/deser/SeqDeserializerModule
Event: 8.850 loading class com/fasterxml/jackson/module/scala/deser/SeqDeserializerModule done


Dynamic libraries:
0x00007ff73c0d0000 - 0x00007ff73c107000 	C:\Program Files\Java\jdk1.8.0_161\bin\java.exe
0x00007ffab36c0000 - 0x00007ffab38a1000 	C:\WINDOWS\SYSTEM32\ntdll.dll
0x00007ffab0b50000 - 0x00007ffab0c02000 	C:\WINDOWS\System32\KERNEL32.DLL
0x00007ffab0660000 - 0x00007ffab08d3000 	C:\WINDOWS\System32\KERNELBASE.dll
0x00007ffab0d70000 - 0x00007ffab0e11000 	C:\WINDOWS\System32\ADVAPI32.dll
0x00007ffab1a50000 - 0x00007ffab1aee000 	C:\WINDOWS\System32\msvcrt.dll
0x00007ffab0e20000 - 0x00007ffab0e7b000 	C:\WINDOWS\System32\sechost.dll
0x00007ffab0c10000 - 0x00007ffab0d34000 	C:\WINDOWS\System32\RPCRT4.dll
0x00007ffab10e0000 - 0x00007ffab1270000 	C:\WINDOWS\System32\USER32.dll
0x00007ffab08e0000 - 0x00007ffab0900000 	C:\WINDOWS\System32\win32u.dll
0x00007ffab1030000 - 0x00007ffab1058000 	C:\WINDOWS\System32\GDI32.dll
0x00007ffab0900000 - 0x00007ffab0a92000 	C:\WINDOWS\System32\gdi32full.dll
0x00007ffab05c0000 - 0x00007ffab065f000 	C:\WINDOWS\System32\msvcp_win.dll
0x00007ffab04c0000 - 0x00007ffab05ba000 	C:\WINDOWS\System32\ucrtbase.dll
0x00007ffaa1aa0000 - 0x00007ffaa1d09000 	C:\WINDOWS\WinSxS\amd64_microsoft.windows.common-controls_6595b64144ccf1df_6.0.17134.345_none_fb429a5930656358\COMCTL32.dll
0x00007ffab31c0000 - 0x00007ffab34e3000 	C:\WINDOWS\System32\combase.dll
0x00007ffab0440000 - 0x00007ffab04ba000 	C:\WINDOWS\System32\bcryptPrimitives.dll
0x00007ffab0d40000 - 0x00007ffab0d6d000 	C:\WINDOWS\System32\IMM32.DLL
0x0000000055af0000 - 0x0000000055bc2000 	C:\Program Files\Java\jdk1.8.0_161\jre\bin\msvcr100.dll
0x0000000055250000 - 0x0000000055aef000 	C:\Program Files\Java\jdk1.8.0_161\jre\bin\server\jvm.dll
0x00007ffab1c20000 - 0x00007ffab1c28000 	C:\WINDOWS\System32\PSAPI.DLL
0x00007ffaaaf90000 - 0x00007ffaaafb3000 	C:\WINDOWS\SYSTEM32\WINMM.dll
0x00007ffa9fc80000 - 0x00007ffa9fc89000 	C:\WINDOWS\SYSTEM32\WSOCK32.dll
0x00007ffab1270000 - 0x00007ffab12dc000 	C:\WINDOWS\System32\WS2_32.dll
0x00007ffaa0b30000 - 0x00007ffaa0b3a000 	C:\WINDOWS\SYSTEM32\VERSION.dll
0x00007ffaaaf60000 - 0x00007ffaaaf8a000 	C:\WINDOWS\SYSTEM32\WINMMBASE.dll
0x00007ffab03f0000 - 0x00007ffab0439000 	C:\WINDOWS\System32\cfgmgr32.dll
0x0000000055240000 - 0x000000005524f000 	C:\Program Files\Java\jdk1.8.0_161\jre\bin\verify.dll
0x0000000055210000 - 0x0000000055239000 	C:\Program Files\Java\jdk1.8.0_161\jre\bin\java.dll
0x00000000550a0000 - 0x00000000550c3000 	C:\Program Files\Java\jdk1.8.0_161\jre\bin\instrument.dll
0x00000000551f0000 - 0x0000000055206000 	C:\Program Files\Java\jdk1.8.0_161\jre\bin\zip.dll
0x00007ffab1ce0000 - 0x00007ffab311f000 	C:\WINDOWS\System32\SHELL32.dll
0x00007ffab1c30000 - 0x00007ffab1cd9000 	C:\WINDOWS\System32\shcore.dll
0x00007ffaafaf0000 - 0x00007ffab01fd000 	C:\WINDOWS\System32\windows.storage.dll
0x00007ffab1bc0000 - 0x00007ffab1c11000 	C:\WINDOWS\System32\shlwapi.dll
0x00007ffaafa50000 - 0x00007ffaafa61000 	C:\WINDOWS\System32\kernel.appcore.dll
0x00007ffaafa20000 - 0x00007ffaafa3f000 	C:\WINDOWS\System32\profapi.dll
0x00007ffaaf9d0000 - 0x00007ffaafa1c000 	C:\WINDOWS\System32\powrprof.dll
0x00007ffaafa40000 - 0x00007ffaafa4a000 	C:\WINDOWS\System32\FLTLIB.DLL
0x00007ffaabfe0000 - 0x00007ffaabffa000 	D:\IDEA\ideaIU-2018.1.6.win\bin\breakgen64.dll
0x00000000550f0000 - 0x000000005510a000 	C:\Program Files\Java\jdk1.8.0_161\jre\bin\net.dll
0x00007ffaaf250000 - 0x00007ffaaf2b6000 	C:\WINDOWS\system32\mswsock.dll
0x0000000055090000 - 0x000000005509d000 	C:\Program Files\Java\jdk1.8.0_161\jre\bin\management.dll
0x0000000055080000 - 0x0000000055089000 	C:\Program Files\Java\jdk1.8.0_161\jre\bin\w2k_lsa_auth.dll
0x00007ffaa1e00000 - 0x00007ffaa1e0c000 	C:\WINDOWS\SYSTEM32\Secur32.dll
0x00007ffaaf900000 - 0x00007ffaaf930000 	C:\WINDOWS\SYSTEM32\SSPICLI.DLL
0x00007ffaabfc0000 - 0x00007ffaabfdd000 	D:\hadoop-2.8.3\bin\hadoop.dll
0x00007ffaaebc0000 - 0x00007ffaaec0b000 	C:\WINDOWS\SYSTEM32\AUTHZ.dll
0x00007ffaa0ae0000 - 0x00007ffaa0af7000 	C:\WINDOWS\SYSTEM32\NETAPI32.dll
0x00007ffaaf0d0000 - 0x00007ffaaf0de000 	C:\WINDOWS\SYSTEM32\NETUTILS.DLL
0x00007ffaaa220000 - 0x00007ffaaa238000 	C:\WINDOWS\SYSTEM32\SAMCLI.DLL
0x0000000055070000 - 0x0000000055078000 	C:\Program Files\Java\jdk1.8.0_161\jre\bin\jaas_nt.dll
0x00007ffa9f220000 - 0x00007ffa9f236000 	C:\WINDOWS\system32\napinsp.dll
0x00007ffa9e3a0000 - 0x00007ffa9e3ba000 	C:\WINDOWS\system32\pnrpnsp.dll
0x00007ffaac2b0000 - 0x00007ffaac2c9000 	C:\WINDOWS\system32\NLAapi.dll
0x00007ffaaf010000 - 0x00007ffaaf0ce000 	C:\WINDOWS\SYSTEM32\DNSAPI.dll
0x00007ffab1020000 - 0x00007ffab1028000 	C:\WINDOWS\System32\NSI.dll
0x00007ffaaefd0000 - 0x00007ffaaf008000 	C:\WINDOWS\SYSTEM32\IPHLPAPI.DLL
0x00007ffaa13a0000 - 0x00007ffaa13ae000 	C:\WINDOWS\System32\winrnr.dll
0x00007ffa9e380000 - 0x00007ffa9e395000 	C:\WINDOWS\System32\wshbth.dll
0x00007ffaa8150000 - 0x00007ffaa815a000 	C:\Windows\System32\rasadhlp.dll
0x00007ffaa8330000 - 0x00007ffaa83a2000 	C:\WINDOWS\System32\fwpuclnt.dll
0x00007ffaaf530000 - 0x00007ffaaf555000 	C:\WINDOWS\SYSTEM32\bcrypt.dll
0x00000000550d0000 - 0x00000000550e1000 	C:\Program Files\Java\jdk1.8.0_161\jre\bin\nio.dll
0x00007ffaaf400000 - 0x00007ffaaf417000 	C:\WINDOWS\SYSTEM32\CRYPTSP.dll
0x00007ffaaee30000 - 0x00007ffaaee63000 	C:\WINDOWS\system32\rsaenh.dll
0x00007ffaaf8d0000 - 0x00007ffaaf8f8000 	C:\WINDOWS\SYSTEM32\USERENV.dll
0x00007ffaaf420000 - 0x00007ffaaf42b000 	C:\WINDOWS\SYSTEM32\CRYPTBASE.dll
0x00007ffaa9b80000 - 0x00007ffaa9b96000 	C:\WINDOWS\SYSTEM32\dhcpcsvc6.DLL
0x00007ffaa9b60000 - 0x00007ffaa9b7a000 	C:\WINDOWS\SYSTEM32\dhcpcsvc.DLL

VM Arguments:
jvm_args: -javaagent:D:\IDEA\ideaIU-2018.1.6.win\lib\idea_rt.jar=2484:D:\IDEA\ideaIU-2018.1.6.win\bin -Dfile.encoding=UTF-8 
java_command: cn.sheep.cmcc.app.BootStarpApp
java_class_path (initial): C:\Program Files\Java\jdk1.8.0_161\jre\lib\charsets.jar;C:\Program Files\Java\jdk1.8.0_161\jre\lib\deploy.jar;C:\Program Files\Java\jdk1.8.0_161\jre\lib\ext\access-bridge-64.jar;C:\Program Files\Java\jdk1.8.0_161\jre\lib\ext\cldrdata.jar;C:\Program Files\Java\jdk1.8.0_161\jre\lib\ext\dnsns.jar;C:\Program Files\Java\jdk1.8.0_161\jre\lib\ext\jaccess.jar;C:\Program Files\Java\jdk1.8.0_161\jre\lib\ext\jfxrt.jar;C:\Program Files\Java\jdk1.8.0_161\jre\lib\ext\localedata.jar;C:\Program Files\Java\jdk1.8.0_161\jre\lib\ext\nashorn.jar;C:\Program Files\Java\jdk1.8.0_161\jre\lib\ext\sunec.jar;C:\Program Files\Java\jdk1.8.0_161\jre\lib\ext\sunjce_provider.jar;C:\Program Files\Java\jdk1.8.0_161\jre\lib\ext\sunmscapi.jar;C:\Program Files\Java\jdk1.8.0_161\jre\lib\ext\sunpkcs11.jar;C:\Program Files\Java\jdk1.8.0_161\jre\lib\ext\zipfs.jar;C:\Program Files\Java\jdk1.8.0_161\jre\lib\javaws.jar;C:\Program Files\Java\jdk1.8.0_161\jre\lib\jce.jar;C:\Program Files\Java\jdk1.8.0_161\jre\lib\jfr.jar;C:\Program Files\Java\jdk1.8.0_161\jre\lib\jfxswt.jar;C:\Program Files\Java\jdk1.8.0_161\jre\lib\jsse.jar;C:\Program Files\Java\jdk1.8.0_161\jre\lib\management-agent.jar;C:\Program Files\Java\jdk1.8.0_161\jre\lib\plugin.jar;C:\Program Files\Java\jdk1.8.0_161\jre\lib\resources.jar;C:\Program Files\Java\jdk1.8.0_161\jre\lib\rt.jar;F:\IdeaProjects2\cmcc_monitor\target\classes;D:\Scala\scala-2.11.12\lib\scala-actors-2.11.0.jar;D:\Scala\scala-2.11.12\lib\scala-actors-migration_2.11-1.1.0.jar;D:\Scala\scala-2.11.12\lib\scala-library.jar;D:\Scala\scala-2.11.12\lib\scala-parser-combinators_2.11-1.0.4.jar;D:\Scala\scala-2.11.12\lib\scala-reflect.jar;D:\Scala\scala-2.11.12\lib\scala-swing_2.11-1.0.2.jar;D:\Scala\scala-2.11.12\lib\scala-xml_2.11-1.0.5.jar;D:\Maven\maven\org\apache\spark\spark-streaming_2.11\2.2.1\spark-streaming_2.11-2.2.1.jar;D:\Maven\maven\org\apache\spark\spark-core_2.11\2.2.1\spark-core_2.11-2.2.1.jar;D:\Maven\maven\org\apache\avro\avro\1.7.7\avro-1.7.7.ja
Launcher Type: SUN_STANDARD

Environment Variables:
JAVA_HOME=D:\Java\jdk1.8.0_161
CLASSPATH=.;D:\Java\jdk1.8.0_161\lib;D:\Tomcat\apache-tomcat-9.0.10-windows-x64\apache-tomcat-9.0.10\lib\servlet-api.jar;
PATH=D:\Oracle\product\11.2.0\dbhome_1\bin;C:\Program Files (x86)\Common Files\Oracle\Java\javapath;C:\WINDOWS\system32;C:\WINDOWS;C:\WINDOWS\System32\Wbem;C:\WINDOWS\System32\WindowsPowerShell\v1.0\;C:\Program Files\Lenovo\Bluetooth Software\;C:\Program Files\Lenovo\Bluetooth Software\syswow64;D:\Java\jdk1.8.0_161\BIN;D:\Tomcat\apache-tomcat-9.0.10-windows-x64\apache-tomcat-9.0.10\BIN;D:\MongoDB\BIN;C:\PROGRAM FILES (X86)\MYSQL\MYSQL SERVER 5.5\BIN;D:\mysql\mysql-5.7.17-winx64\bin;C:\WINDOWS\System32\OpenSSH\;D:\Maven\apache-maven-3.3.9\bin;D:\hadoop-2.8.3\bin;D:\hadoop-2.8.3\sbin;D:\Scala\scala-2.11.12\bin;D:\SQLServer\140\Tools\Binn\;C:\Program Files\Microsoft SQL Server\140\Tools\Binn\;D:\SQLServer\140\DTS\Binn\;C:\Program Files\Microsoft SQL Server\140\DTS\Binn\;C:\Program Files\Microsoft SQL Server\Client SDK\ODBC\130\Tools\Binn\;D:\SQLServer\Client SDK\ODBC\130\Tools\Binn\;D:\SQLServer\140\Tools\Binn\ManagementStudio\;D:\python\Scripts\;D:\python\;C:\Users\Administrator\AppData\Local\Microsoft\WindowsApps;
USERNAME=Administrator
OS=Windows_NT
PROCESSOR_IDENTIFIER=Intel64 Family 6 Model 61 Stepping 4, GenuineIntel



---------------  S Y S T E M  ---------------

OS: Windows 10.0 , 64 bit Build 17134 (10.0.17134.1)

CPU:total 4 (initial active 4) (2 cores per cpu, 2 threads per core) family 6 model 61 stepping 4, cmov, cx8, fxsr, mmx, sse, sse2, sse3, ssse3, sse4.1, sse4.2, popcnt, avx, avx2, aes, clmul, erms, 3dnowpref, lzcnt, ht, tsc, tscinvbit, bmi1, bmi2, adx

Memory: 4k page, physical 8301008k(483516k free), swap 15528120k(5344k free)

vm_info: Java HotSpot(TM) 64-Bit Server VM (25.161-b12) for windows-amd64 JRE (1.8.0_161-b12), built on Dec 19 2017 17:52:25 by "java_re" with MS VC++ 10.0 (VS2010)

time: Thu Oct 25 18:18:58 2018
elapsed time: 8 seconds (0d 0h 0m 8s)

